C:\USERS\ANTONIA\DESKTOP\ELECTRIC_TRAIN-MASTER\GENERATORS_V5.7(BOLOS)\WIN32\DEBUG\GENERATORS\BATTERY.OBJ
C:\USERS\ANTONIA\DESKTOP\ELECTRIC_TRAIN-MASTER\GENERATORS_V5.7(BOLOS)\WIN32\DEBUG\GENERATORS\DC_DC_CONVERTER.OBJ
C:\USERS\ANTONIA\DESKTOP\ELECTRIC_TRAIN-MASTER\GENERATORS_V5.7(BOLOS)\WIN32\DEBUG\GENERATORS\DIESEL_DG.OBJ
C:\USERS\ANTONIA\DESKTOP\ELECTRIC_TRAIN-MASTER\GENERATORS_V5.7(BOLOS)\WIN32\DEBUG\GENERATORS\ENERGY_CONSUMPTION.OBJ
C:\USERS\ANTONIA\DESKTOP\ELECTRIC_TRAIN-MASTER\GENERATORS_V5.7(BOLOS)\WIN32\DEBUG\GENERATORS\ENERGY_STORAGE.OBJ
C:\USERS\ANTONIA\DESKTOP\ELECTRIC_TRAIN-MASTER\GENERATORS_V5.7(BOLOS)\WIN32\DEBUG\GENERATORS\GENERATORS.DLL.EMBED.MANIFEST
C:\USERS\ANTONIA\DESKTOP\ELECTRIC_TRAIN-MASTER\GENERATORS_V5.7(BOLOS)\WIN32\DEBUG\GENERATORS\GENERATORS.DLL.EMBED.MANIFEST.RES
C:\USERS\ANTONIA\DESKTOP\ELECTRIC_TRAIN-MASTER\GENERATORS_V5.7(BOLOS)\WIN32\DEBUG\GENERATORS\GENERATORS.DLL.INTERMEDIATE.MANIFEST
C:\USERS\ANTONIA\DESKTOP\ELECTRIC_TRAIN-MASTER\GENERATORS_V5.7(BOLOS)\WIN32\DEBUG\GENERATORS\INIT.OBJ
C:\USERS\ANTONIA\DESKTOP\ELECTRIC_TRAIN-MASTER\GENERATORS_V5.7(BOLOS)\WIN32\DEBUG\GENERATORS\INVERTER.OBJ
C:\USERS\ANTONIA\DESKTOP\ELECTRIC_TRAIN-MASTER\GENERATORS_V5.7(BOLOS)\WIN32\DEBUG\GENERATORS\MAIN.OBJ
C:\USERS\ANTONIA\DESKTOP\ELECTRIC_TRAIN-MASTER\GENERATORS_V5.7(BOLOS)\WIN32\DEBUG\GENERATORS\MICROTURBINE.OBJ
C:\USERS\ANTONIA\DESKTOP\ELECTRIC_TRAIN-MASTER\GENERATORS_V5.7(BOLOS)\WIN32\DEBUG\GENERATORS\POWER_ELECTRONICS.OBJ
C:\USERS\ANTONIA\DESKTOP\ELECTRIC_TRAIN-MASTER\GENERATORS_V5.7(BOLOS)\WIN32\DEBUG\GENERATORS\RECTIFIER.OBJ
C:\USERS\ANTONIA\DESKTOP\ELECTRIC_TRAIN-MASTER\GENERATORS_V5.7(BOLOS)\WIN32\DEBUG\GENERATORS\SOLAR.OBJ
C:\USERS\ANTONIA\DESKTOP\ELECTRIC_TRAIN-MASTER\GENERATORS_V5.7(BOLOS)\WIN32\DEBUG\GENERATORS\SOLAR_TRAIN.OBJ
C:\USERS\ANTONIA\DESKTOP\ELECTRIC_TRAIN-MASTER\GENERATORS_V5.7(BOLOS)\WIN32\DEBUG\GENERATORS\VC100.PDB
C:\USERS\ANTONIA\DESKTOP\ELECTRIC_TRAIN-MASTER\GENERATORS_V5.7(BOLOS)\WIN32\DEBUG\GENERATORS\WINDTURB_DG.OBJ
C:\USERS\ANTONIA\DESKTOP\ELECTRIC_TRAIN-MASTER\VS2005\WIN32\DEBUG\GENERATORS.DLL
C:\Users\Antonia\Desktop\electric_train-master\VS2005\Win32\Debug\generators.exp
C:\USERS\ANTONIA\DESKTOP\ELECTRIC_TRAIN-MASTER\VS2005\WIN32\DEBUG\GENERATORS.ILK
C:\Users\Antonia\Desktop\electric_train-master\VS2005\Win32\Debug\generators.lib
C:\USERS\ANTONIA\DESKTOP\ELECTRIC_TRAIN-MASTER\VS2005\WIN32\DEBUG\GENERATORS.PDB
C:\USERS\ANTONIA\DESKTOP\ELECTRIC_TRAIN-MASTER_V2\GENERATORS_V5.7(BOLOS)\WIN32\DEBUG\GENERATORS\BATTERY.OBJ
C:\USERS\ANTONIA\DESKTOP\ELECTRIC_TRAIN-MASTER_V2\GENERATORS_V5.7(BOLOS)\WIN32\DEBUG\GENERATORS\DC_DC_CONVERTER.OBJ
C:\USERS\ANTONIA\DESKTOP\ELECTRIC_TRAIN-MASTER_V2\GENERATORS_V5.7(BOLOS)\WIN32\DEBUG\GENERATORS\DIESEL_DG.OBJ
C:\USERS\ANTONIA\DESKTOP\ELECTRIC_TRAIN-MASTER_V2\GENERATORS_V5.7(BOLOS)\WIN32\DEBUG\GENERATORS\ENERGY_CONSUMPTION.OBJ
C:\USERS\ANTONIA\DESKTOP\ELECTRIC_TRAIN-MASTER_V2\GENERATORS_V5.7(BOLOS)\WIN32\DEBUG\GENERATORS\ENERGY_STORAGE.OBJ
C:\USERS\ANTONIA\DESKTOP\ELECTRIC_TRAIN-MASTER_V2\GENERATORS_V5.7(BOLOS)\WIN32\DEBUG\GENERATORS\GENERATORS.DLL.EMBED.MANIFEST
C:\USERS\ANTONIA\DESKTOP\ELECTRIC_TRAIN-MASTER_V2\GENERATORS_V5.7(BOLOS)\WIN32\DEBUG\GENERATORS\GENERATORS.DLL.EMBED.MANIFEST.RES
C:\USERS\ANTONIA\DESKTOP\ELECTRIC_TRAIN-MASTER_V2\GENERATORS_V5.7(BOLOS)\WIN32\DEBUG\GENERATORS\INIT.OBJ
C:\USERS\ANTONIA\DESKTOP\ELECTRIC_TRAIN-MASTER_V2\GENERATORS_V5.7(BOLOS)\WIN32\DEBUG\GENERATORS\INVERTER.OBJ
C:\USERS\ANTONIA\DESKTOP\ELECTRIC_TRAIN-MASTER_V2\GENERATORS_V5.7(BOLOS)\WIN32\DEBUG\GENERATORS\MAIN.OBJ
C:\USERS\ANTONIA\DESKTOP\ELECTRIC_TRAIN-MASTER_V2\GENERATORS_V5.7(BOLOS)\WIN32\DEBUG\GENERATORS\MICROTURBINE.OBJ
C:\USERS\ANTONIA\DESKTOP\ELECTRIC_TRAIN-MASTER_V2\GENERATORS_V5.7(BOLOS)\WIN32\DEBUG\GENERATORS\POWER_ELECTRONICS.OBJ
C:\USERS\ANTONIA\DESKTOP\ELECTRIC_TRAIN-MASTER_V2\GENERATORS_V5.7(BOLOS)\WIN32\DEBUG\GENERATORS\RECTIFIER.OBJ
C:\USERS\ANTONIA\DESKTOP\ELECTRIC_TRAIN-MASTER_V2\GENERATORS_V5.7(BOLOS)\WIN32\DEBUG\GENERATORS\SOLAR.OBJ
C:\USERS\ANTONIA\DESKTOP\ELECTRIC_TRAIN-MASTER_V2\GENERATORS_V5.7(BOLOS)\WIN32\DEBUG\GENERATORS\SOLAR_TRAIN.OBJ
C:\USERS\ANTONIA\DESKTOP\ELECTRIC_TRAIN-MASTER_V2\GENERATORS_V5.7(BOLOS)\WIN32\DEBUG\GENERATORS\VC100.PDB
C:\USERS\ANTONIA\DESKTOP\ELECTRIC_TRAIN-MASTER_V2\GENERATORS_V5.7(BOLOS)\WIN32\DEBUG\GENERATORS\WINDTURB_DG.OBJ
C:\USERS\ANTONIA\DESKTOP\ELECTRIC_TRAIN-MASTER_V2\GENERATORS_V5.7_FINAL(BOLOS)\WIN32\DEBUG\GENERATORS\BATTERY.OBJ
C:\USERS\ANTONIA\DESKTOP\ELECTRIC_TRAIN-MASTER_V2\GENERATORS_V5.7_FINAL(BOLOS)\WIN32\DEBUG\GENERATORS\DC_DC_CONVERTER.OBJ
C:\USERS\ANTONIA\DESKTOP\ELECTRIC_TRAIN-MASTER_V2\GENERATORS_V5.7_FINAL(BOLOS)\WIN32\DEBUG\GENERATORS\DIESEL_DG.OBJ
C:\USERS\ANTONIA\DESKTOP\ELECTRIC_TRAIN-MASTER_V2\GENERATORS_V5.7_FINAL(BOLOS)\WIN32\DEBUG\GENERATORS\ENERGY_CONSUMPTION.OBJ
C:\USERS\ANTONIA\DESKTOP\ELECTRIC_TRAIN-MASTER_V2\GENERATORS_V5.7_FINAL(BOLOS)\WIN32\DEBUG\GENERATORS\ENERGY_STORAGE.OBJ
C:\USERS\ANTONIA\DESKTOP\ELECTRIC_TRAIN-MASTER_V2\GENERATORS_V5.7_FINAL(BOLOS)\WIN32\DEBUG\GENERATORS\GENERATORS.DLL.EMBED.MANIFEST
C:\USERS\ANTONIA\DESKTOP\ELECTRIC_TRAIN-MASTER_V2\GENERATORS_V5.7_FINAL(BOLOS)\WIN32\DEBUG\GENERATORS\GENERATORS.DLL.EMBED.MANIFEST.RES
C:\USERS\ANTONIA\DESKTOP\ELECTRIC_TRAIN-MASTER_V2\GENERATORS_V5.7_FINAL(BOLOS)\WIN32\DEBUG\GENERATORS\GENERATORS.DLL.INTERMEDIATE.MANIFEST
C:\USERS\ANTONIA\DESKTOP\ELECTRIC_TRAIN-MASTER_V2\GENERATORS_V5.7_FINAL(BOLOS)\WIN32\DEBUG\GENERATORS\INIT.OBJ
C:\USERS\ANTONIA\DESKTOP\ELECTRIC_TRAIN-MASTER_V2\GENERATORS_V5.7_FINAL(BOLOS)\WIN32\DEBUG\GENERATORS\INVERTER.OBJ
C:\USERS\ANTONIA\DESKTOP\ELECTRIC_TRAIN-MASTER_V2\GENERATORS_V5.7_FINAL(BOLOS)\WIN32\DEBUG\GENERATORS\MAIN.OBJ
C:\USERS\ANTONIA\DESKTOP\ELECTRIC_TRAIN-MASTER_V2\GENERATORS_V5.7_FINAL(BOLOS)\WIN32\DEBUG\GENERATORS\MICROTURBINE.OBJ
C:\USERS\ANTONIA\DESKTOP\ELECTRIC_TRAIN-MASTER_V2\GENERATORS_V5.7_FINAL(BOLOS)\WIN32\DEBUG\GENERATORS\POWER_ELECTRONICS.OBJ
C:\USERS\ANTONIA\DESKTOP\ELECTRIC_TRAIN-MASTER_V2\GENERATORS_V5.7_FINAL(BOLOS)\WIN32\DEBUG\GENERATORS\RECTIFIER.OBJ
C:\USERS\ANTONIA\DESKTOP\ELECTRIC_TRAIN-MASTER_V2\GENERATORS_V5.7_FINAL(BOLOS)\WIN32\DEBUG\GENERATORS\SOLAR.OBJ
C:\USERS\ANTONIA\DESKTOP\ELECTRIC_TRAIN-MASTER_V2\GENERATORS_V5.7_FINAL(BOLOS)\WIN32\DEBUG\GENERATORS\SOLAR_TRAIN.OBJ
C:\USERS\ANTONIA\DESKTOP\ELECTRIC_TRAIN-MASTER_V2\GENERATORS_V5.7_FINAL(BOLOS)\WIN32\DEBUG\GENERATORS\VC100.PDB
C:\USERS\ANTONIA\DESKTOP\ELECTRIC_TRAIN-MASTER_V2\GENERATORS_V5.7_FINAL(BOLOS)\WIN32\DEBUG\GENERATORS\WINDTURB_DG.OBJ
C:\USERS\ANTONIA\DESKTOP\ELECTRIC_TRAIN-MASTER_V2\VS2005\WIN32\DEBUG\GENERATORS.DLL
C:\Users\Antonia\Desktop\electric_train-master_v2\VS2005\Win32\Debug\generators.exp
C:\USERS\ANTONIA\DESKTOP\ELECTRIC_TRAIN-MASTER_V2\VS2005\WIN32\DEBUG\GENERATORS.ILK
C:\Users\Antonia\Desktop\electric_train-master_v2\VS2005\Win32\Debug\generators.lib
C:\USERS\ANTONIA\DESKTOP\ELECTRIC_TRAIN-MASTER_V2\VS2005\WIN32\DEBUG\GENERATORS.PDB
C:\USERS\ANTONIA\DROPBOX\DIPLWMATIKH\ELECTRIC_TRAIN-MASTER\GENERATORS_V5.7(BOLOS)\WIN32\DEBUG\GENERATORS\BATTERY.OBJ
C:\USERS\ANTONIA\DROPBOX\DIPLWMATIKH\ELECTRIC_TRAIN-MASTER\GENERATORS_V5.7(BOLOS)\WIN32\DEBUG\GENERATORS\DC_DC_CONVERTER.OBJ
C:\USERS\ANTONIA\DROPBOX\DIPLWMATIKH\ELECTRIC_TRAIN-MASTER\GENERATORS_V5.7(BOLOS)\WIN32\DEBUG\GENERATORS\DIESEL_DG.OBJ
C:\USERS\ANTONIA\DROPBOX\DIPLWMATIKH\ELECTRIC_TRAIN-MASTER\GENERATORS_V5.7(BOLOS)\WIN32\DEBUG\GENERATORS\ENERGY_CONSUMPTION.OBJ
C:\USERS\ANTONIA\DROPBOX\DIPLWMATIKH\ELECTRIC_TRAIN-MASTER\GENERATORS_V5.7(BOLOS)\WIN32\DEBUG\GENERATORS\ENERGY_STORAGE.OBJ
C:\USERS\ANTONIA\DROPBOX\DIPLWMATIKH\ELECTRIC_TRAIN-MASTER\GENERATORS_V5.7(BOLOS)\WIN32\DEBUG\GENERATORS\INIT.OBJ
C:\USERS\ANTONIA\DROPBOX\DIPLWMATIKH\ELECTRIC_TRAIN-MASTER\GENERATORS_V5.7(BOLOS)\WIN32\DEBUG\GENERATORS\INVERTER.OBJ
C:\USERS\ANTONIA\DROPBOX\DIPLWMATIKH\ELECTRIC_TRAIN-MASTER\GENERATORS_V5.7(BOLOS)\WIN32\DEBUG\GENERATORS\MAIN.OBJ
C:\USERS\ANTONIA\DROPBOX\DIPLWMATIKH\ELECTRIC_TRAIN-MASTER\GENERATORS_V5.7(BOLOS)\WIN32\DEBUG\GENERATORS\MICROTURBINE.OBJ
C:\USERS\ANTONIA\DROPBOX\DIPLWMATIKH\ELECTRIC_TRAIN-MASTER\GENERATORS_V5.7(BOLOS)\WIN32\DEBUG\GENERATORS\POWER_ELECTRONICS.OBJ
C:\USERS\ANTONIA\DROPBOX\DIPLWMATIKH\ELECTRIC_TRAIN-MASTER\GENERATORS_V5.7(BOLOS)\WIN32\DEBUG\GENERATORS\RECTIFIER.OBJ
C:\USERS\ANTONIA\DROPBOX\DIPLWMATIKH\ELECTRIC_TRAIN-MASTER\GENERATORS_V5.7(BOLOS)\WIN32\DEBUG\GENERATORS\SOLAR.OBJ
C:\USERS\ANTONIA\DROPBOX\DIPLWMATIKH\ELECTRIC_TRAIN-MASTER\GENERATORS_V5.7(BOLOS)\WIN32\DEBUG\GENERATORS\SOLAR_TRAIN.OBJ
C:\USERS\ANTONIA\DROPBOX\DIPLWMATIKH\ELECTRIC_TRAIN-MASTER\GENERATORS_V5.7(BOLOS)\WIN32\DEBUG\GENERATORS\VC100.PDB
C:\USERS\ANTONIA\DROPBOX\DIPLWMATIKH\ELECTRIC_TRAIN-MASTER\GENERATORS_V5.7(BOLOS)\WIN32\DEBUG\GENERATORS\WINDTURB_DG.OBJ
